{"/Users/javert/work-work/clippy/src/index.js": {"path":"/Users/javert/work-work/clippy/src/index.js","statementMap":{"0":{"start":{"line":1,"column":0},"end":{"line":1,"column":61}},"1":{"start":{"line":3,"column":25},"end":{"line":78,"column":1}},"2":{"start":{"line":9,"column":8},"end":{"line":9,"column":26}},"3":{"start":{"line":10,"column":8},"end":{"line":10,"column":34}},"4":{"start":{"line":12,"column":8},"end":{"line":17,"column":10}},"5":{"start":{"line":13,"column":12},"end":{"line":16,"column":13}},"6":{"start":{"line":14,"column":16},"end":{"line":14,"column":55}},"7":{"start":{"line":15,"column":16},"end":{"line":15,"column":39}},"8":{"start":{"line":20,"column":29},"end":{"line":20,"column":44}},"9":{"start":{"line":21,"column":29},"end":{"line":21,"column":31}},"10":{"start":{"line":23,"column":8},"end":{"line":31,"column":10}},"11":{"start":{"line":24,"column":12},"end":{"line":30,"column":13}},"12":{"start":{"line":25,"column":16},"end":{"line":29,"column":17}},"13":{"start":{"line":26,"column":20},"end":{"line":26,"column":83}},"14":{"start":{"line":28,"column":20},"end":{"line":28,"column":64}},"15":{"start":{"line":33,"column":8},"end":{"line":46,"column":9}},"16":{"start":{"line":34,"column":32},"end":{"line":36,"column":32}},"17":{"start":{"line":38,"column":12},"end":{"line":43,"column":13}},"18":{"start":{"line":39,"column":16},"end":{"line":39,"column":45}},"19":{"start":{"line":40,"column":16},"end":{"line":40,"column":46}},"20":{"start":{"line":42,"column":16},"end":{"line":42,"column":39}},"21":{"start":{"line":45,"column":12},"end":{"line":45,"column":29}},"22":{"start":{"line":49,"column":30},"end":{"line":49,"column":79}},"23":{"start":{"line":51,"column":8},"end":{"line":53,"column":9}},"24":{"start":{"line":52,"column":12},"end":{"line":52,"column":110}},"25":{"start":{"line":55,"column":8},"end":{"line":55,"column":25}},"26":{"start":{"line":57,"column":8},"end":{"line":63,"column":9}},"27":{"start":{"line":58,"column":12},"end":{"line":60,"column":14}},"28":{"start":{"line":59,"column":16},"end":{"line":59,"column":49}},"29":{"start":{"line":62,"column":12},"end":{"line":62,"column":45}},"30":{"start":{"line":66,"column":8},"end":{"line":66,"column":57}},"31":{"start":{"line":69,"column":8},"end":{"line":69,"column":53}},"32":{"start":{"line":72,"column":8},"end":{"line":76,"column":9}},"33":{"start":{"line":80,"column":0},"end":{"line":84,"column":9}},"34":{"start":{"line":81,"column":4},"end":{"line":83,"column":6}},"35":{"start":{"line":82,"column":8},"end":{"line":82,"column":36}},"36":{"start":{"line":86,"column":0},"end":{"line":118,"column":2}},"37":{"start":{"line":87,"column":4},"end":{"line":117,"column":5}},"38":{"start":{"line":89,"column":8},"end":{"line":89,"column":46}},"39":{"start":{"line":91,"column":8},"end":{"line":93,"column":9}},"40":{"start":{"line":92,"column":12},"end":{"line":92,"column":35}},"41":{"start":{"line":94,"column":8},"end":{"line":94,"column":13}},"42":{"start":{"line":96,"column":8},"end":{"line":96,"column":49}},"43":{"start":{"line":97,"column":8},"end":{"line":97,"column":13}},"44":{"start":{"line":99,"column":8},"end":{"line":101,"column":9}},"45":{"start":{"line":100,"column":12},"end":{"line":100,"column":18}},"46":{"start":{"line":103,"column":8},"end":{"line":103,"column":46}},"47":{"start":{"line":105,"column":8},"end":{"line":113,"column":10}},"48":{"start":{"line":106,"column":12},"end":{"line":112,"column":13}},"49":{"start":{"line":107,"column":16},"end":{"line":107,"column":45}},"50":{"start":{"line":108,"column":16},"end":{"line":108,"column":39}},"51":{"start":{"line":109,"column":16},"end":{"line":111,"column":18}},"52":{"start":{"line":110,"column":20},"end":{"line":110,"column":43}},"53":{"start":{"line":114,"column":8},"end":{"line":114,"column":13}},"54":{"start":{"line":116,"column":8},"end":{"line":116,"column":13}},"55":{"start":{"line":120,"column":0},"end":{"line":120,"column":42}}},"fnMap":{"0":{"name":"(anonymous_0)","decl":{"start":{"line":8,"column":4},"end":{"line":8,"column":5}},"loc":{"start":{"line":8,"column":16},"end":{"line":18,"column":5}},"line":8},"1":{"name":"(anonymous_1)","decl":{"start":{"line":12,"column":58},"end":{"line":12,"column":59}},"loc":{"start":{"line":12,"column":72},"end":{"line":17,"column":9}},"line":12},"2":{"name":"(anonymous_2)","decl":{"start":{"line":19,"column":4},"end":{"line":19,"column":5}},"loc":{"start":{"line":19,"column":11},"end":{"line":47,"column":5}},"line":19},"3":{"name":"(anonymous_3)","decl":{"start":{"line":23,"column":43},"end":{"line":23,"column":44}},"loc":{"start":{"line":23,"column":57},"end":{"line":31,"column":9}},"line":23},"4":{"name":"(anonymous_4)","decl":{"start":{"line":48,"column":4},"end":{"line":48,"column":5}},"loc":{"start":{"line":48,"column":18},"end":{"line":64,"column":5}},"line":48},"5":{"name":"(anonymous_5)","decl":{"start":{"line":58,"column":45},"end":{"line":58,"column":46}},"loc":{"start":{"line":58,"column":51},"end":{"line":60,"column":13}},"line":58},"6":{"name":"(anonymous_6)","decl":{"start":{"line":65,"column":4},"end":{"line":65,"column":5}},"loc":{"start":{"line":65,"column":26},"end":{"line":67,"column":5}},"line":65},"7":{"name":"(anonymous_7)","decl":{"start":{"line":68,"column":4},"end":{"line":68,"column":5}},"loc":{"start":{"line":68,"column":11},"end":{"line":70,"column":5}},"line":68},"8":{"name":"(anonymous_8)","decl":{"start":{"line":71,"column":4},"end":{"line":71,"column":5}},"loc":{"start":{"line":71,"column":22},"end":{"line":77,"column":5}},"line":71},"9":{"name":"(anonymous_9)","decl":{"start":{"line":80,"column":32},"end":{"line":80,"column":33}},"loc":{"start":{"line":80,"column":38},"end":{"line":84,"column":1}},"line":80},"10":{"name":"(anonymous_10)","decl":{"start":{"line":81,"column":26},"end":{"line":81,"column":27}},"loc":{"start":{"line":81,"column":37},"end":{"line":83,"column":5}},"line":81},"11":{"name":"(anonymous_11)","decl":{"start":{"line":86,"column":38},"end":{"line":86,"column":39}},"loc":{"start":{"line":86,"column":51},"end":{"line":118,"column":1}},"line":86},"12":{"name":"(anonymous_12)","decl":{"start":{"line":105,"column":58},"end":{"line":105,"column":59}},"loc":{"start":{"line":105,"column":72},"end":{"line":113,"column":9}},"line":105},"13":{"name":"(anonymous_13)","decl":{"start":{"line":109,"column":41},"end":{"line":109,"column":42}},"loc":{"start":{"line":109,"column":47},"end":{"line":111,"column":17}},"line":109}},"branchMap":{"0":{"loc":{"start":{"line":1,"column":10},"end":{"line":1,"column":61}},"type":"binary-expr","locations":[{"start":{"line":1,"column":10},"end":{"line":1,"column":26}},{"start":{"line":1,"column":30},"end":{"line":1,"column":44}},{"start":{"line":1,"column":48},"end":{"line":1,"column":61}}],"line":1},"1":{"loc":{"start":{"line":13,"column":12},"end":{"line":16,"column":13}},"type":"if","locations":[{"start":{"line":13,"column":12},"end":{"line":16,"column":13}},{"start":{"line":13,"column":12},"end":{"line":16,"column":13}}],"line":13},"2":{"loc":{"start":{"line":24,"column":12},"end":{"line":30,"column":13}},"type":"if","locations":[{"start":{"line":24,"column":12},"end":{"line":30,"column":13}},{"start":{"line":24,"column":12},"end":{"line":30,"column":13}}],"line":24},"3":{"loc":{"start":{"line":25,"column":16},"end":{"line":29,"column":17}},"type":"if","locations":[{"start":{"line":25,"column":16},"end":{"line":29,"column":17}},{"start":{"line":25,"column":16},"end":{"line":29,"column":17}}],"line":25},"4":{"loc":{"start":{"line":33,"column":8},"end":{"line":46,"column":9}},"type":"if","locations":[{"start":{"line":33,"column":8},"end":{"line":46,"column":9}},{"start":{"line":33,"column":8},"end":{"line":46,"column":9}}],"line":33},"5":{"loc":{"start":{"line":34,"column":32},"end":{"line":36,"column":32}},"type":"cond-expr","locations":[{"start":{"line":35,"column":18},"end":{"line":35,"column":83}},{"start":{"line":36,"column":18},"end":{"line":36,"column":32}}],"line":34},"6":{"loc":{"start":{"line":38,"column":12},"end":{"line":43,"column":13}},"type":"if","locations":[{"start":{"line":38,"column":12},"end":{"line":43,"column":13}},{"start":{"line":38,"column":12},"end":{"line":43,"column":13}}],"line":38},"7":{"loc":{"start":{"line":51,"column":8},"end":{"line":53,"column":9}},"type":"if","locations":[{"start":{"line":51,"column":8},"end":{"line":53,"column":9}},{"start":{"line":51,"column":8},"end":{"line":53,"column":9}}],"line":51},"8":{"loc":{"start":{"line":52,"column":45},"end":{"line":52,"column":110}},"type":"cond-expr","locations":[{"start":{"line":52,"column":94},"end":{"line":52,"column":101}},{"start":{"line":52,"column":104},"end":{"line":52,"column":110}}],"line":52},"9":{"loc":{"start":{"line":52,"column":45},"end":{"line":52,"column":91}},"type":"binary-expr","locations":[{"start":{"line":52,"column":45},"end":{"line":52,"column":50}},{"start":{"line":52,"column":54},"end":{"line":52,"column":91}}],"line":52},"10":{"loc":{"start":{"line":57,"column":8},"end":{"line":63,"column":9}},"type":"if","locations":[{"start":{"line":57,"column":8},"end":{"line":63,"column":9}},{"start":{"line":57,"column":8},"end":{"line":63,"column":9}}],"line":57},"11":{"loc":{"start":{"line":87,"column":4},"end":{"line":117,"column":5}},"type":"switch","locations":[{"start":{"line":88,"column":4},"end":{"line":94,"column":13}},{"start":{"line":95,"column":4},"end":{"line":97,"column":13}},{"start":{"line":98,"column":4},"end":{"line":114,"column":13}},{"start":{"line":115,"column":4},"end":{"line":116,"column":13}}],"line":87},"12":{"loc":{"start":{"line":91,"column":8},"end":{"line":93,"column":9}},"type":"if","locations":[{"start":{"line":91,"column":8},"end":{"line":93,"column":9}},{"start":{"line":91,"column":8},"end":{"line":93,"column":9}}],"line":91},"13":{"loc":{"start":{"line":99,"column":8},"end":{"line":101,"column":9}},"type":"if","locations":[{"start":{"line":99,"column":8},"end":{"line":101,"column":9}},{"start":{"line":99,"column":8},"end":{"line":101,"column":9}}],"line":99},"14":{"loc":{"start":{"line":106,"column":12},"end":{"line":112,"column":13}},"type":"if","locations":[{"start":{"line":106,"column":12},"end":{"line":112,"column":13}},{"start":{"line":106,"column":12},"end":{"line":112,"column":13}}],"line":106}},"s":{"0":11,"1":11,"2":10,"3":10,"4":10,"5":2,"6":1,"7":1,"8":3,"9":3,"10":3,"11":8,"12":2,"13":1,"14":1,"15":3,"16":2,"17":2,"18":2,"19":2,"20":0,"21":1,"22":3,"23":3,"24":0,"25":3,"26":3,"27":1,"28":1,"29":2,"30":12,"31":4,"32":2,"33":11,"34":0,"35":0,"36":11,"37":6,"38":2,"39":2,"40":1,"41":2,"42":2,"43":2,"44":2,"45":0,"46":2,"47":2,"48":2,"49":1,"50":1,"51":1,"52":1,"53":2,"54":0,"55":11},"f":{"0":10,"1":2,"2":3,"3":8,"4":3,"5":1,"6":12,"7":4,"8":2,"9":0,"10":0,"11":6,"12":2,"13":1},"b":{"0":[11,11,0],"1":[1,1],"2":[2,6],"3":[1,1],"4":[2,1],"5":[2,0],"6":[2,0],"7":[0,3],"8":[0,0],"9":[0,0],"10":[1,2],"11":[2,2,2,0],"12":[1,1],"13":[0,2],"14":[1,1]},"_coverageSchema":"43e27e138ebf9cfc5966b082cf9a028302ed4184","hash":"9934a70157a934d5b49ee1792b6364054c677359"}
,"/Users/javert/work-work/clippy/src/assets/js/state.js": {"path":"/Users/javert/work-work/clippy/src/assets/js/state.js","statementMap":{"0":{"start":{"line":1,"column":0},"end":{"line":1,"column":61}},"1":{"start":{"line":3,"column":17},"end":{"line":10,"column":1}},"2":{"start":{"line":12,"column":17},"end":{"line":12,"column":22}},"3":{"start":{"line":13,"column":27},"end":{"line":13,"column":141}},"4":{"start":{"line":13,"column":33},"end":{"line":13,"column":141}},"5":{"start":{"line":14,"column":21},"end":{"line":36,"column":1}},"6":{"start":{"line":15,"column":18},"end":{"line":15,"column":38}},"7":{"start":{"line":16,"column":4},"end":{"line":16,"column":49}},"8":{"start":{"line":18,"column":4},"end":{"line":34,"column":5}},"9":{"start":{"line":19,"column":8},"end":{"line":33,"column":9}},"10":{"start":{"line":20,"column":12},"end":{"line":20,"column":58}},"11":{"start":{"line":22,"column":12},"end":{"line":32,"column":14}},"12":{"start":{"line":23,"column":16},"end":{"line":31,"column":18}},"13":{"start":{"line":24,"column":20},"end":{"line":30,"column":21}},"14":{"start":{"line":35,"column":4},"end":{"line":35,"column":16}},"15":{"start":{"line":37,"column":19},"end":{"line":47,"column":1}},"16":{"start":{"line":38,"column":21},"end":{"line":38,"column":84}},"17":{"start":{"line":39,"column":4},"end":{"line":46,"column":6}},"18":{"start":{"line":49,"column":19},"end":{"line":57,"column":1}},"19":{"start":{"line":50,"column":4},"end":{"line":56,"column":5}},"20":{"start":{"line":59,"column":21},"end":{"line":68,"column":1}},"21":{"start":{"line":60,"column":4},"end":{"line":60,"column":42}},"22":{"start":{"line":62,"column":4},"end":{"line":67,"column":6}},"23":{"start":{"line":63,"column":8},"end":{"line":66,"column":10}},"24":{"start":{"line":64,"column":12},"end":{"line":64,"column":35}},"25":{"start":{"line":65,"column":12},"end":{"line":65,"column":35}},"26":{"start":{"line":70,"column":0},"end":{"line":70,"column":57}},"27":{"start":{"line":72,"column":0},"end":{"line":117,"column":2}},"28":{"start":{"line":73,"column":4},"end":{"line":114,"column":5}},"29":{"start":{"line":75,"column":8},"end":{"line":79,"column":10}},"30":{"start":{"line":76,"column":12},"end":{"line":78,"column":13}},"31":{"start":{"line":77,"column":16},"end":{"line":77,"column":35}},"32":{"start":{"line":81,"column":8},"end":{"line":86,"column":9}},"33":{"start":{"line":87,"column":8},"end":{"line":87,"column":13}},"34":{"start":{"line":89,"column":8},"end":{"line":89,"column":22}},"35":{"start":{"line":90,"column":8},"end":{"line":90,"column":13}},"36":{"start":{"line":92,"column":8},"end":{"line":110,"column":9}},"37":{"start":{"line":93,"column":12},"end":{"line":109,"column":24}},"38":{"start":{"line":94,"column":16},"end":{"line":96,"column":17}},"39":{"start":{"line":95,"column":20},"end":{"line":95,"column":26}},"40":{"start":{"line":98,"column":16},"end":{"line":108,"column":18}},"41":{"start":{"line":99,"column":20},"end":{"line":107,"column":21}},"42":{"start":{"line":100,"column":24},"end":{"line":106,"column":25}},"43":{"start":{"line":111,"column":8},"end":{"line":111,"column":13}},"44":{"start":{"line":113,"column":8},"end":{"line":113,"column":13}},"45":{"start":{"line":116,"column":4},"end":{"line":116,"column":15}},"46":{"start":{"line":119,"column":0},"end":{"line":145,"column":2}},"47":{"start":{"line":120,"column":21},"end":{"line":120,"column":50}},"48":{"start":{"line":122,"column":4},"end":{"line":142,"column":5}},"49":{"start":{"line":124,"column":8},"end":{"line":131,"column":10}},"50":{"start":{"line":132,"column":8},"end":{"line":132,"column":13}},"51":{"start":{"line":134,"column":8},"end":{"line":134,"column":22}},"52":{"start":{"line":135,"column":8},"end":{"line":138,"column":10}},"53":{"start":{"line":139,"column":8},"end":{"line":139,"column":13}},"54":{"start":{"line":141,"column":8},"end":{"line":141,"column":13}},"55":{"start":{"line":144,"column":4},"end":{"line":144,"column":15}},"56":{"start":{"line":147,"column":0},"end":{"line":147,"column":26}}},"fnMap":{"0":{"name":"(anonymous_0)","decl":{"start":{"line":13,"column":27},"end":{"line":13,"column":28}},"loc":{"start":{"line":13,"column":33},"end":{"line":13,"column":141}},"line":13},"1":{"name":"(anonymous_1)","decl":{"start":{"line":14,"column":21},"end":{"line":14,"column":22}},"loc":{"start":{"line":14,"column":27},"end":{"line":36,"column":1}},"line":14},"2":{"name":"(anonymous_2)","decl":{"start":{"line":18,"column":31},"end":{"line":18,"column":32}},"loc":{"start":{"line":18,"column":37},"end":{"line":34,"column":5}},"line":18},"3":{"name":"(anonymous_3)","decl":{"start":{"line":22,"column":35},"end":{"line":22,"column":36}},"loc":{"start":{"line":22,"column":45},"end":{"line":32,"column":13}},"line":22},"4":{"name":"(anonymous_4)","decl":{"start":{"line":23,"column":29},"end":{"line":23,"column":30}},"loc":{"start":{"line":23,"column":45},"end":{"line":31,"column":17}},"line":23},"5":{"name":"(anonymous_5)","decl":{"start":{"line":37,"column":19},"end":{"line":37,"column":20}},"loc":{"start":{"line":37,"column":28},"end":{"line":47,"column":1}},"line":37},"6":{"name":"(anonymous_6)","decl":{"start":{"line":49,"column":19},"end":{"line":49,"column":20}},"loc":{"start":{"line":49,"column":28},"end":{"line":57,"column":1}},"line":49},"7":{"name":"(anonymous_7)","decl":{"start":{"line":59,"column":21},"end":{"line":59,"column":22}},"loc":{"start":{"line":59,"column":27},"end":{"line":68,"column":1}},"line":59},"8":{"name":"(anonymous_8)","decl":{"start":{"line":62,"column":27},"end":{"line":62,"column":28}},"loc":{"start":{"line":62,"column":37},"end":{"line":67,"column":5}},"line":62},"9":{"name":"(anonymous_9)","decl":{"start":{"line":63,"column":21},"end":{"line":63,"column":22}},"loc":{"start":{"line":63,"column":37},"end":{"line":66,"column":9}},"line":63},"10":{"name":"(anonymous_10)","decl":{"start":{"line":72,"column":38},"end":{"line":72,"column":39}},"loc":{"start":{"line":72,"column":73},"end":{"line":117,"column":1}},"line":72},"11":{"name":"(anonymous_11)","decl":{"start":{"line":75,"column":66},"end":{"line":75,"column":67}},"loc":{"start":{"line":75,"column":76},"end":{"line":79,"column":9}},"line":75},"12":{"name":"(anonymous_12)","decl":{"start":{"line":93,"column":23},"end":{"line":93,"column":24}},"loc":{"start":{"line":93,"column":29},"end":{"line":109,"column":13}},"line":93},"13":{"name":"(anonymous_13)","decl":{"start":{"line":98,"column":74},"end":{"line":98,"column":75}},"loc":{"start":{"line":98,"column":84},"end":{"line":108,"column":17}},"line":98},"14":{"name":"(anonymous_14)","decl":{"start":{"line":119,"column":46},"end":{"line":119,"column":47}},"loc":{"start":{"line":119,"column":81},"end":{"line":145,"column":1}},"line":119}},"branchMap":{"0":{"loc":{"start":{"line":1,"column":10},"end":{"line":1,"column":61}},"type":"binary-expr","locations":[{"start":{"line":1,"column":10},"end":{"line":1,"column":26}},{"start":{"line":1,"column":30},"end":{"line":1,"column":44}},{"start":{"line":1,"column":48},"end":{"line":1,"column":61}}],"line":1},"1":{"loc":{"start":{"line":19,"column":8},"end":{"line":33,"column":9}},"type":"if","locations":[{"start":{"line":19,"column":8},"end":{"line":33,"column":9}},{"start":{"line":19,"column":8},"end":{"line":33,"column":9}}],"line":19},"2":{"loc":{"start":{"line":19,"column":12},"end":{"line":19,"column":58}},"type":"binary-expr","locations":[{"start":{"line":19,"column":12},"end":{"line":19,"column":34}},{"start":{"line":19,"column":38},"end":{"line":19,"column":58}}],"line":19},"3":{"loc":{"start":{"line":38,"column":50},"end":{"line":38,"column":82}},"type":"cond-expr","locations":[{"start":{"line":38,"column":70},"end":{"line":38,"column":72}},{"start":{"line":38,"column":75},"end":{"line":38,"column":82}}],"line":38},"4":{"loc":{"start":{"line":73,"column":4},"end":{"line":114,"column":5}},"type":"switch","locations":[{"start":{"line":74,"column":4},"end":{"line":87,"column":13}},{"start":{"line":88,"column":4},"end":{"line":90,"column":13}},{"start":{"line":91,"column":4},"end":{"line":111,"column":13}},{"start":{"line":112,"column":4},"end":{"line":113,"column":13}}],"line":73},"5":{"loc":{"start":{"line":76,"column":12},"end":{"line":78,"column":13}},"type":"if","locations":[{"start":{"line":76,"column":12},"end":{"line":78,"column":13}},{"start":{"line":76,"column":12},"end":{"line":78,"column":13}}],"line":76},"6":{"loc":{"start":{"line":92,"column":8},"end":{"line":110,"column":9}},"type":"if","locations":[{"start":{"line":92,"column":8},"end":{"line":110,"column":9}},{"start":{"line":92,"column":8},"end":{"line":110,"column":9}}],"line":92},"7":{"loc":{"start":{"line":94,"column":16},"end":{"line":96,"column":17}},"type":"if","locations":[{"start":{"line":94,"column":16},"end":{"line":96,"column":17}},{"start":{"line":94,"column":16},"end":{"line":96,"column":17}}],"line":94},"8":{"loc":{"start":{"line":99,"column":20},"end":{"line":107,"column":21}},"type":"if","locations":[{"start":{"line":99,"column":20},"end":{"line":107,"column":21}},{"start":{"line":99,"column":20},"end":{"line":107,"column":21}}],"line":99},"9":{"loc":{"start":{"line":122,"column":4},"end":{"line":142,"column":5}},"type":"switch","locations":[{"start":{"line":123,"column":4},"end":{"line":132,"column":13}},{"start":{"line":133,"column":4},"end":{"line":139,"column":13}},{"start":{"line":140,"column":4},"end":{"line":141,"column":13}}],"line":122},"10":{"loc":{"start":{"line":128,"column":26},"end":{"line":128,"column":52}},"type":"binary-expr","locations":[{"start":{"line":128,"column":26},"end":{"line":128,"column":43}},{"start":{"line":128,"column":47},"end":{"line":128,"column":52}}],"line":128},"11":{"loc":{"start":{"line":137,"column":19},"end":{"line":137,"column":45}},"type":"binary-expr","locations":[{"start":{"line":137,"column":19},"end":{"line":137,"column":36}},{"start":{"line":137,"column":40},"end":{"line":137,"column":45}}],"line":137}},"s":{"0":7,"1":7,"2":7,"3":7,"4":1,"5":7,"6":1,"7":1,"8":1,"9":1,"10":1,"11":1,"12":1,"13":3,"14":1,"15":7,"16":16,"17":16,"18":7,"19":12,"20":7,"21":4,"22":4,"23":4,"24":12,"25":12,"26":7,"27":7,"28":5,"29":2,"30":4,"31":4,"32":2,"33":2,"34":1,"35":1,"36":2,"37":1,"38":1,"39":0,"40":1,"41":2,"42":2,"43":2,"44":0,"45":5,"46":7,"47":3,"48":3,"49":1,"50":1,"51":2,"52":2,"53":2,"54":0,"55":3,"56":7},"f":{"0":1,"1":1,"2":1,"3":1,"4":3,"5":16,"6":12,"7":4,"8":4,"9":12,"10":5,"11":4,"12":1,"13":2,"14":3},"b":{"0":[7,7,0],"1":[1,0],"2":[1,1],"3":[5,11],"4":[2,1,2,0],"5":[4,0],"6":[1,1],"7":[0,1],"8":[2,0],"9":[1,2,0],"10":[1,0],"11":[2,1]},"_coverageSchema":"43e27e138ebf9cfc5966b082cf9a028302ed4184","hash":"2d8fb6925bade847fec83c95fa59d77f31255311"}
}
