TN:
SF:/Users/javert/work-work/clippy/src/index.js
FN:8,(anonymous_0)
FN:12,(anonymous_1)
FN:19,(anonymous_2)
FN:23,(anonymous_3)
FN:48,(anonymous_4)
FN:58,(anonymous_5)
FN:65,(anonymous_6)
FN:68,(anonymous_7)
FN:71,(anonymous_8)
FN:80,(anonymous_9)
FN:81,(anonymous_10)
FN:86,(anonymous_11)
FN:105,(anonymous_12)
FN:109,(anonymous_13)
FNF:14
FNH:12
FNDA:10,(anonymous_0)
FNDA:2,(anonymous_1)
FNDA:3,(anonymous_2)
FNDA:8,(anonymous_3)
FNDA:3,(anonymous_4)
FNDA:1,(anonymous_5)
FNDA:12,(anonymous_6)
FNDA:4,(anonymous_7)
FNDA:2,(anonymous_8)
FNDA:0,(anonymous_9)
FNDA:0,(anonymous_10)
FNDA:6,(anonymous_11)
FNDA:2,(anonymous_12)
FNDA:1,(anonymous_13)
DA:1,11
DA:3,11
DA:9,10
DA:10,10
DA:12,10
DA:13,2
DA:14,1
DA:15,1
DA:20,3
DA:21,3
DA:23,3
DA:24,8
DA:25,2
DA:26,1
DA:28,1
DA:33,3
DA:34,2
DA:38,2
DA:39,2
DA:40,2
DA:42,0
DA:45,1
DA:49,3
DA:51,3
DA:52,0
DA:55,3
DA:57,3
DA:58,1
DA:59,1
DA:62,2
DA:66,12
DA:69,4
DA:72,2
DA:80,11
DA:81,0
DA:82,0
DA:86,11
DA:87,6
DA:89,2
DA:91,2
DA:92,1
DA:94,2
DA:96,2
DA:97,2
DA:99,2
DA:100,0
DA:103,2
DA:105,2
DA:106,2
DA:107,1
DA:108,1
DA:109,1
DA:110,1
DA:114,2
DA:116,0
DA:120,11
LF:56
LH:50
BRDA:1,0,0,11
BRDA:1,0,1,11
BRDA:1,0,2,0
BRDA:13,1,0,1
BRDA:13,1,1,1
BRDA:24,2,0,2
BRDA:24,2,1,6
BRDA:25,3,0,1
BRDA:25,3,1,1
BRDA:33,4,0,2
BRDA:33,4,1,1
BRDA:34,5,0,2
BRDA:34,5,1,0
BRDA:38,6,0,2
BRDA:38,6,1,0
BRDA:51,7,0,0
BRDA:51,7,1,3
BRDA:52,8,0,0
BRDA:52,8,1,0
BRDA:52,9,0,0
BRDA:52,9,1,0
BRDA:57,10,0,1
BRDA:57,10,1,2
BRDA:87,11,0,2
BRDA:87,11,1,2
BRDA:87,11,2,2
BRDA:87,11,3,0
BRDA:91,12,0,1
BRDA:91,12,1,1
BRDA:99,13,0,0
BRDA:99,13,1,2
BRDA:106,14,0,1
BRDA:106,14,1,1
BRF:33
BRH:23
end_of_record
TN:
SF:/Users/javert/work-work/clippy/src/assets/js/state.js
FN:13,(anonymous_0)
FN:14,(anonymous_1)
FN:18,(anonymous_2)
FN:22,(anonymous_3)
FN:23,(anonymous_4)
FN:37,(anonymous_5)
FN:49,(anonymous_6)
FN:59,(anonymous_7)
FN:62,(anonymous_8)
FN:63,(anonymous_9)
FN:72,(anonymous_10)
FN:75,(anonymous_11)
FN:93,(anonymous_12)
FN:98,(anonymous_13)
FN:119,(anonymous_14)
FNF:15
FNH:15
FNDA:1,(anonymous_0)
FNDA:1,(anonymous_1)
FNDA:1,(anonymous_2)
FNDA:1,(anonymous_3)
FNDA:3,(anonymous_4)
FNDA:16,(anonymous_5)
FNDA:12,(anonymous_6)
FNDA:4,(anonymous_7)
FNDA:4,(anonymous_8)
FNDA:12,(anonymous_9)
FNDA:5,(anonymous_10)
FNDA:4,(anonymous_11)
FNDA:1,(anonymous_12)
FNDA:2,(anonymous_13)
FNDA:3,(anonymous_14)
DA:1,7
DA:3,7
DA:12,7
DA:13,7
DA:14,7
DA:15,1
DA:16,1
DA:18,1
DA:19,1
DA:20,1
DA:22,1
DA:23,1
DA:24,3
DA:35,1
DA:37,7
DA:38,16
DA:39,16
DA:49,7
DA:50,12
DA:59,7
DA:60,4
DA:62,4
DA:63,4
DA:64,12
DA:65,12
DA:70,7
DA:72,7
DA:73,5
DA:75,2
DA:76,4
DA:77,4
DA:81,2
DA:87,2
DA:89,1
DA:90,1
DA:92,2
DA:93,1
DA:94,1
DA:95,0
DA:98,1
DA:99,2
DA:100,2
DA:111,2
DA:113,0
DA:116,5
DA:119,7
DA:120,3
DA:122,3
DA:124,1
DA:132,1
DA:134,2
DA:135,2
DA:139,2
DA:141,0
DA:144,3
DA:147,7
LF:56
LH:53
BRDA:1,0,0,7
BRDA:1,0,1,7
BRDA:1,0,2,0
BRDA:19,1,0,1
BRDA:19,1,1,0
BRDA:19,2,0,1
BRDA:19,2,1,1
BRDA:38,3,0,5
BRDA:38,3,1,11
BRDA:73,4,0,2
BRDA:73,4,1,1
BRDA:73,4,2,2
BRDA:73,4,3,0
BRDA:76,5,0,4
BRDA:76,5,1,0
BRDA:92,6,0,1
BRDA:92,6,1,1
BRDA:94,7,0,0
BRDA:94,7,1,1
BRDA:99,8,0,2
BRDA:99,8,1,0
BRDA:122,9,0,1
BRDA:122,9,1,2
BRDA:122,9,2,0
BRDA:128,10,0,1
BRDA:128,10,1,0
BRDA:137,11,0,2
BRDA:137,11,1,1
BRF:28
BRH:20
end_of_record
